[2023-10-09 15:47:33] local.ERROR: syntax error, unexpected token ")" {"exception":"[object] (ParseError(code: 0): syntax error, unexpected token \")\" at /mnt/web109/e3/30/52251230/htdocs/smart/vendor/symfony/var-dumper/Dumper/AbstractDumper.php:74)
[stacktrace]
#0 /mnt/web109/e3/30/52251230/htdocs/smart/vendor/composer/ClassLoader.php(427): Composer\\Autoload\\{closure}()
#1 /mnt/web109/e3/30/52251230/htdocs/smart/vendor/symfony/var-dumper/Dumper/CliDumper.php(22): Composer\\Autoload\\ClassLoader->loadClass()
#2 /mnt/web109/e3/30/52251230/htdocs/smart/vendor/composer/ClassLoader.php(576): include('...')
#3 /mnt/web109/e3/30/52251230/htdocs/smart/vendor/composer/ClassLoader.php(427): Composer\\Autoload\\{closure}()
#4 /mnt/web109/e3/30/52251230/htdocs/smart/vendor/symfony/var-dumper/Dumper/HtmlDumper.php(22): Composer\\Autoload\\ClassLoader->loadClass()
#5 /mnt/web109/e3/30/52251230/htdocs/smart/vendor/composer/ClassLoader.php(576): include('...')
#6 /mnt/web109/e3/30/52251230/htdocs/smart/vendor/composer/ClassLoader.php(427): Composer\\Autoload\\{closure}()
#7 /mnt/web109/e3/30/52251230/htdocs/smart/vendor/laravel/framework/src/Illuminate/Foundation/Http/HtmlDumper.php(12): Composer\\Autoload\\ClassLoader->loadClass()
#8 /mnt/web109/e3/30/52251230/htdocs/smart/vendor/composer/ClassLoader.php(576): include('...')
#9 /mnt/web109/e3/30/52251230/htdocs/smart/vendor/composer/ClassLoader.php(427): Composer\\Autoload\\{closure}()
#10 /mnt/web109/e3/30/52251230/htdocs/smart/vendor/laravel/framework/src/Illuminate/Foundation/Providers/FoundationServiceProvider.php(101): Composer\\Autoload\\ClassLoader->loadClass()
#11 /mnt/web109/e3/30/52251230/htdocs/smart/vendor/laravel/framework/src/Illuminate/Foundation/Providers/FoundationServiceProvider.php(70): Illuminate\\Foundation\\Providers\\FoundationServiceProvider->registerDumper()
#12 /mnt/web109/e3/30/52251230/htdocs/smart/vendor/laravel/framework/src/Illuminate/Foundation/Application.php(687): Illuminate\\Foundation\\Providers\\FoundationServiceProvider->register()
#13 /mnt/web109/e3/30/52251230/htdocs/smart/vendor/laravel/framework/src/Illuminate/Foundation/ProviderRepository.php(75): Illuminate\\Foundation\\Application->register()
#14 /mnt/web109/e3/30/52251230/htdocs/smart/vendor/laravel/framework/src/Illuminate/Foundation/Application.php(664): Illuminate\\Foundation\\ProviderRepository->load()
#15 /mnt/web109/e3/30/52251230/htdocs/smart/vendor/laravel/framework/src/Illuminate/Foundation/Bootstrap/RegisterProviders.php(17): Illuminate\\Foundation\\Application->registerConfiguredProviders()
#16 /mnt/web109/e3/30/52251230/htdocs/smart/vendor/laravel/framework/src/Illuminate/Foundation/Application.php(242): Illuminate\\Foundation\\Bootstrap\\RegisterProviders->bootstrap()
#17 /mnt/web109/e3/30/52251230/htdocs/smart/vendor/laravel/framework/src/Illuminate/Foundation/Http/Kernel.php(176): Illuminate\\Foundation\\Application->bootstrapWith()
#18 /mnt/web109/e3/30/52251230/htdocs/smart/vendor/laravel/framework/src/Illuminate/Foundation/Http/Kernel.php(160): Illuminate\\Foundation\\Http\\Kernel->bootstrap()
#19 /mnt/web109/e3/30/52251230/htdocs/smart/vendor/laravel/framework/src/Illuminate/Foundation/Http/Kernel.php(134): Illuminate\\Foundation\\Http\\Kernel->sendRequestThroughRouter()
#20 /mnt/web109/e3/30/52251230/htdocs/smart/public/index.php(52): Illuminate\\Foundation\\Http\\Kernel->handle()
#21 {main}
"} 
[2023-10-09 15:47:33] local.ERROR: syntax error, unexpected token ")" {"exception":"[object] (ParseError(code: 0): syntax error, unexpected token \")\" at /mnt/web109/e3/30/52251230/htdocs/smart/vendor/symfony/error-handler/ErrorRenderer/HtmlErrorRenderer.php:53)
[stacktrace]
#0 /mnt/web109/e3/30/52251230/htdocs/smart/vendor/composer/ClassLoader.php(427): Composer\\Autoload\\{closure}()
#1 /mnt/web109/e3/30/52251230/htdocs/smart/vendor/laravel/framework/src/Illuminate/Foundation/Exceptions/Handler.php(610): Composer\\Autoload\\ClassLoader->loadClass()
#2 /mnt/web109/e3/30/52251230/htdocs/smart/vendor/laravel/framework/src/Illuminate/Foundation/Exceptions/Handler.php(586): Illuminate\\Foundation\\Exceptions\\Handler->renderExceptionWithSymfony()
#3 /mnt/web109/e3/30/52251230/htdocs/smart/vendor/laravel/framework/src/Illuminate/Foundation/Exceptions/Handler.php(567): Illuminate\\Foundation\\Exceptions\\Handler->renderExceptionContent()
#4 /mnt/web109/e3/30/52251230/htdocs/smart/vendor/laravel/framework/src/Illuminate/Foundation/Exceptions/Handler.php(546): Illuminate\\Foundation\\Exceptions\\Handler->convertExceptionToResponse()
#5 /mnt/web109/e3/30/52251230/htdocs/smart/vendor/laravel/framework/src/Illuminate/Foundation/Exceptions/Handler.php(460): Illuminate\\Foundation\\Exceptions\\Handler->prepareResponse()
#6 /mnt/web109/e3/30/52251230/htdocs/smart/vendor/laravel/framework/src/Illuminate/Foundation/Exceptions/Handler.php(377): Illuminate\\Foundation\\Exceptions\\Handler->renderExceptionResponse()
#7 /mnt/web109/e3/30/52251230/htdocs/smart/vendor/laravel/framework/src/Illuminate/Foundation/Http/Kernel.php(493): Illuminate\\Foundation\\Exceptions\\Handler->render()
#8 /mnt/web109/e3/30/52251230/htdocs/smart/vendor/laravel/framework/src/Illuminate/Foundation/Http/Kernel.php(138): Illuminate\\Foundation\\Http\\Kernel->renderException()
#9 /mnt/web109/e3/30/52251230/htdocs/smart/public/index.php(52): Illuminate\\Foundation\\Http\\Kernel->handle()
#10 {main}
"} 
[2023-10-09 15:49:53] local.ERROR: syntax error, unexpected token ")" {"exception":"[object] (ParseError(code: 0): syntax error, unexpected token \")\" at /mnt/web109/e3/30/52251230/htdocs/smart/vendor/symfony/var-dumper/Dumper/AbstractDumper.php:74)
[stacktrace]
#0 /mnt/web109/e3/30/52251230/htdocs/smart/vendor/composer/ClassLoader.php(427): Composer\\Autoload\\{closure}()
#1 /mnt/web109/e3/30/52251230/htdocs/smart/vendor/symfony/var-dumper/Dumper/CliDumper.php(22): Composer\\Autoload\\ClassLoader->loadClass()
#2 /mnt/web109/e3/30/52251230/htdocs/smart/vendor/composer/ClassLoader.php(576): include('...')
#3 /mnt/web109/e3/30/52251230/htdocs/smart/vendor/composer/ClassLoader.php(427): Composer\\Autoload\\{closure}()
#4 /mnt/web109/e3/30/52251230/htdocs/smart/vendor/symfony/var-dumper/Dumper/HtmlDumper.php(22): Composer\\Autoload\\ClassLoader->loadClass()
#5 /mnt/web109/e3/30/52251230/htdocs/smart/vendor/composer/ClassLoader.php(576): include('...')
#6 /mnt/web109/e3/30/52251230/htdocs/smart/vendor/composer/ClassLoader.php(427): Composer\\Autoload\\{closure}()
#7 /mnt/web109/e3/30/52251230/htdocs/smart/vendor/laravel/framework/src/Illuminate/Foundation/Http/HtmlDumper.php(12): Composer\\Autoload\\ClassLoader->loadClass()
#8 /mnt/web109/e3/30/52251230/htdocs/smart/vendor/composer/ClassLoader.php(576): include('...')
#9 /mnt/web109/e3/30/52251230/htdocs/smart/vendor/composer/ClassLoader.php(427): Composer\\Autoload\\{closure}()
#10 /mnt/web109/e3/30/52251230/htdocs/smart/vendor/laravel/framework/src/Illuminate/Foundation/Providers/FoundationServiceProvider.php(101): Composer\\Autoload\\ClassLoader->loadClass()
#11 /mnt/web109/e3/30/52251230/htdocs/smart/vendor/laravel/framework/src/Illuminate/Foundation/Providers/FoundationServiceProvider.php(70): Illuminate\\Foundation\\Providers\\FoundationServiceProvider->registerDumper()
#12 /mnt/web109/e3/30/52251230/htdocs/smart/vendor/laravel/framework/src/Illuminate/Foundation/Application.php(687): Illuminate\\Foundation\\Providers\\FoundationServiceProvider->register()
#13 /mnt/web109/e3/30/52251230/htdocs/smart/vendor/laravel/framework/src/Illuminate/Foundation/ProviderRepository.php(75): Illuminate\\Foundation\\Application->register()
#14 /mnt/web109/e3/30/52251230/htdocs/smart/vendor/laravel/framework/src/Illuminate/Foundation/Application.php(664): Illuminate\\Foundation\\ProviderRepository->load()
#15 /mnt/web109/e3/30/52251230/htdocs/smart/vendor/laravel/framework/src/Illuminate/Foundation/Bootstrap/RegisterProviders.php(17): Illuminate\\Foundation\\Application->registerConfiguredProviders()
#16 /mnt/web109/e3/30/52251230/htdocs/smart/vendor/laravel/framework/src/Illuminate/Foundation/Application.php(242): Illuminate\\Foundation\\Bootstrap\\RegisterProviders->bootstrap()
#17 /mnt/web109/e3/30/52251230/htdocs/smart/vendor/laravel/framework/src/Illuminate/Foundation/Http/Kernel.php(176): Illuminate\\Foundation\\Application->bootstrapWith()
#18 /mnt/web109/e3/30/52251230/htdocs/smart/vendor/laravel/framework/src/Illuminate/Foundation/Http/Kernel.php(160): Illuminate\\Foundation\\Http\\Kernel->bootstrap()
#19 /mnt/web109/e3/30/52251230/htdocs/smart/vendor/laravel/framework/src/Illuminate/Foundation/Http/Kernel.php(134): Illuminate\\Foundation\\Http\\Kernel->sendRequestThroughRouter()
#20 /mnt/web109/e3/30/52251230/htdocs/smart/public/index.php(52): Illuminate\\Foundation\\Http\\Kernel->handle()
#21 {main}
"} 
[2023-10-09 15:49:53] local.ERROR: syntax error, unexpected token ")" {"exception":"[object] (ParseError(code: 0): syntax error, unexpected token \")\" at /mnt/web109/e3/30/52251230/htdocs/smart/vendor/symfony/error-handler/ErrorRenderer/HtmlErrorRenderer.php:53)
[stacktrace]
#0 /mnt/web109/e3/30/52251230/htdocs/smart/vendor/composer/ClassLoader.php(427): Composer\\Autoload\\{closure}()
#1 /mnt/web109/e3/30/52251230/htdocs/smart/vendor/laravel/framework/src/Illuminate/Foundation/Exceptions/Handler.php(610): Composer\\Autoload\\ClassLoader->loadClass()
#2 /mnt/web109/e3/30/52251230/htdocs/smart/vendor/laravel/framework/src/Illuminate/Foundation/Exceptions/Handler.php(586): Illuminate\\Foundation\\Exceptions\\Handler->renderExceptionWithSymfony()
#3 /mnt/web109/e3/30/52251230/htdocs/smart/vendor/laravel/framework/src/Illuminate/Foundation/Exceptions/Handler.php(567): Illuminate\\Foundation\\Exceptions\\Handler->renderExceptionContent()
#4 /mnt/web109/e3/30/52251230/htdocs/smart/vendor/laravel/framework/src/Illuminate/Foundation/Exceptions/Handler.php(546): Illuminate\\Foundation\\Exceptions\\Handler->convertExceptionToResponse()
#5 /mnt/web109/e3/30/52251230/htdocs/smart/vendor/laravel/framework/src/Illuminate/Foundation/Exceptions/Handler.php(460): Illuminate\\Foundation\\Exceptions\\Handler->prepareResponse()
#6 /mnt/web109/e3/30/52251230/htdocs/smart/vendor/laravel/framework/src/Illuminate/Foundation/Exceptions/Handler.php(377): Illuminate\\Foundation\\Exceptions\\Handler->renderExceptionResponse()
#7 /mnt/web109/e3/30/52251230/htdocs/smart/vendor/laravel/framework/src/Illuminate/Foundation/Http/Kernel.php(493): Illuminate\\Foundation\\Exceptions\\Handler->render()
#8 /mnt/web109/e3/30/52251230/htdocs/smart/vendor/laravel/framework/src/Illuminate/Foundation/Http/Kernel.php(138): Illuminate\\Foundation\\Http\\Kernel->renderException()
#9 /mnt/web109/e3/30/52251230/htdocs/smart/public/index.php(52): Illuminate\\Foundation\\Http\\Kernel->handle()
#10 {main}
"} 
